#
# A fatal error has been detected by the Java Runtime Environment:
#
#  SIGSEGV (0xb) at pc=0x00000001094fe32c, pid=76199, tid=40195
#
# JRE version: OpenJDK Runtime Environment (15.0.2+7) (build 15.0.2+7-27)
# Java VM: OpenJDK 64-Bit Server VM (15.0.2+7-27, mixed mode, tiered, compressed oops, g1 gc, bsd-amd64)
# Problematic frame:
# C  [libjimage.dylib+0x332c]  _ZNK15ImageFileReader19find_location_indexEPKcPy+0x8c
#
# No core dump will be written. Core dumps have been disabled. To enable core dumping, try "ulimit -c unlimited" before starting Java again
#
# If you would like to submit a bug report, please visit:
#   https://bugreport.java.com/bugreport/crash.jsp
#

---------------  S U M M A R Y ------------

Command Line: -XX:+ShowCodeDetailsInExceptionMessages -agentlib:jdwp=transport=dt_socket,suspend=y,address=localhost:62524 -javaagent:/Users/swetshah/eclipse/java-2020-12/Eclipse.app/Contents/Eclipse/configuration/org.eclipse.osgi/213/0/.cp/lib/javaagent-shaded.jar -Dfile.encoding=UTF-8 com.UserManagementBootstrapper

Host: MacBookAir10,1 x86_64 2400 MHz, 8 cores, 8G, Darwin 21.1.0
Time: Thu Feb  3 18:29:09 2022 IST elapsed time: 161.071636 seconds (0d 0h 2m 41s)

---------------  T H R E A D  ---------------

Current thread (0x00007fee1c009800):  JavaThread "Signal Dispatcher" daemon [_thread_in_vm, id=40195, stack(0x00000003068ab000,0x00000003069ab000)]

Stack: [0x00000003068ab000,0x00000003069ab000],  sp=0x00000003069a9350,  free space=1016k
Native frames: (J=compiled Java code, A=aot compiled Java code, j=interpreted, Vv=VM code, C=native code)
C  [libjimage.dylib+0x332c]  _ZNK15ImageFileReader19find_location_indexEPKcPy+0x8c
C  [libjimage.dylib+0x37a0]  JIMAGE_FindResource+0xd0
V  [libjvm.dylib+0x293e1a]  _ZN19ClassPathImageEntry22open_stream_for_loaderEPKcP15ClassLoaderDataP6Thread+0x7a
V  [libjvm.dylib+0x297823]  _ZN11ClassLoader10load_classEP6SymbolbP6Thread+0x143
V  [libjvm.dylib+0x955a05]  _ZN16SystemDictionary19load_instance_classEP6Symbol6HandleP6Thread+0x3a5
V  [libjvm.dylib+0x954403]  _ZN16SystemDictionary30resolve_instance_class_or_nullEP6Symbol6HandleS2_P6Thread+0x853
V  [libjvm.dylib+0x953607]  _ZN16SystemDictionary15resolve_or_failEP6Symbol6HandleS2_bP6Thread+0x77
V  [libjvm.dylib+0x2f166d]  _ZN12ConstantPool13klass_at_implERK18constantPoolHandleibP6Thread+0x19d
V  [libjvm.dylib+0x218f72]  _ZN12ConstantPool8klass_atEiP6Thread+0xf2
V  [libjvm.dylib+0x4a34c5]  _ZN18InterpreterRuntime4_newEP10JavaThreadP12ConstantPooli+0x25
j  jdk.internal.misc.Signal.dispatch(I)V+25 java.base@15.0.2
v  ~StubRoutines::call_stub
V  [libjvm.dylib+0x4ae582]  _ZN9JavaCalls11call_helperEP9JavaValueRK12methodHandleP17JavaCallArgumentsP6Thread+0x2e2
V  [libjvm.dylib+0x4adbfb]  _ZN9JavaCalls11call_staticEP9JavaValueP5KlassP6SymbolS5_P17JavaCallArgumentsP6Thread+0x1ab
V  [libjvm.dylib+0x8254b5]  _ZL19signal_thread_entryP10JavaThreadP6Thread+0x355
V  [libjvm.dylib+0x99ae92]  _ZN10JavaThread17thread_main_innerEv+0xb2
V  [libjvm.dylib+0x997fa1]  _ZN6Thread8call_runEv+0x71
V  [libjvm.dylib+0x82a037]  _ZL19thread_native_entryP6Thread+0x197
